<?xml version="1.0" encoding="UTF-8"?>
<!-- Generated by org.testng.reporters.JUnitXMLReporter -->
<testsuite hostname="DESKTOP-DR5LSJT" ignored="1" name="Test" tests="2" failures="0" timestamp="2019-09-21T13:07:54 IST" time="0.073" errors="0">
  <testcase name="testAppium" time="0.014" classname="qaclickacademy.AppiumTest"/>
  <testcase name="testSelenium" time="0.001" classname="qaclickacademy.SeleniumTest"/>
  <testcase name="testPerformance" time="0.0" classname="qaclickacademy.PerformanceTest">
    <ignored/>
  </testcase> <!-- testPerformance -->
</testsuite> <!-- Test -->
