<?xml version="1.0" encoding="UTF-8"?>
<testng-results skipped="0" failed="1" ignored="0" total="4" passed="3">
  <reporter-output>
  </reporter-output>
  <suite name="Command line suite" duration-ms="82" started-at="2019-09-21T18:35:28 IST" finished-at="2019-09-21T18:35:28 IST">
    <groups>
      <group name="functional testing">
        <method signature="AppiumTest.testAppium()[pri:0, instance:qaclickacademy.AppiumTest@31ef45e3]" name="testAppium" class="qaclickacademy.AppiumTest"/>
        <method signature="SeleniumTest.testSelenium()[pri:0, instance:qaclickacademy.SeleniumTest@14bf9759]" name="testSelenium" class="qaclickacademy.SeleniumTest"/>
      </group> <!-- functional testing -->
      <group name="performance testing">
        <method signature="PerformanceTest.testPerformance()[pri:0, instance:qaclickacademy.PerformanceTest@3c0ecd4b]" name="testPerformance" class="qaclickacademy.PerformanceTest"/>
      </group> <!-- performance testing -->
      <group name="Udemy testing">
        <method signature="BrowsingThroughUdemyTest.udemyQuestion(java.lang.Object)[pri:0, instance:qaclickacademy.BrowsingThroughUdemyTest@598067a5]" name="udemyQuestion" class="qaclickacademy.BrowsingThroughUdemyTest"/>
      </group> <!-- Udemy testing -->
    </groups>
    <test name="Command line test" duration-ms="82" started-at="2019-09-21T18:35:28 IST" finished-at="2019-09-21T18:35:28 IST">
      <class name="qaclickacademy.AppiumTest">
        <test-method status="PASS" signature="testAppium()[pri:0, instance:qaclickacademy.AppiumTest@31ef45e3]" name="testAppium" duration-ms="8" started-at="2019-09-21T18:35:28 IST" finished-at="2019-09-21T18:35:28 IST">
          <reporter-output>
          </reporter-output>
        </test-method> <!-- testAppium -->
      </class> <!-- qaclickacademy.AppiumTest -->
      <class name="qaclickacademy.PerformanceTest">
        <test-method status="PASS" signature="testPerformance()[pri:0, instance:qaclickacademy.PerformanceTest@3c0ecd4b]" name="testPerformance" duration-ms="1" started-at="2019-09-21T18:35:28 IST" finished-at="2019-09-21T18:35:28 IST">
          <reporter-output>
          </reporter-output>
        </test-method> <!-- testPerformance -->
      </class> <!-- qaclickacademy.PerformanceTest -->
      <class name="qaclickacademy.SeleniumTest">
        <test-method status="PASS" signature="testSelenium()[pri:0, instance:qaclickacademy.SeleniumTest@14bf9759]" name="testSelenium" duration-ms="1" started-at="2019-09-21T18:35:28 IST" finished-at="2019-09-21T18:35:28 IST">
          <reporter-output>
          </reporter-output>
        </test-method> <!-- testSelenium -->
      </class> <!-- qaclickacademy.SeleniumTest -->
      <class name="qaclickacademy.BrowsingThroughUdemyTest">
        <test-method status="FAIL" signature="udemyQuestion(java.lang.Object)[pri:0, instance:qaclickacademy.BrowsingThroughUdemyTest@598067a5]" name="udemyQuestion" duration-ms="0" started-at="2019-09-21T18:35:28 IST" finished-at="2019-09-21T18:35:28 IST">
          <exception class="org.testng.TestNGException">
            <message>
              <![CDATA[
Parameter 'USERNAME' is required by @Test on method udemyQuestion but has not been marked @Optional or defined
]]>
            </message>
            <full-stacktrace>
              <![CDATA[org.testng.TestNGException: 
Parameter 'USERNAME' is required by @Test on method udemyQuestion but has not been marked @Optional or defined

at org.testng.internal.Parameters.createParams(Parameters.java:289)
at org.testng.internal.Parameters.createParametersForMethod(Parameters.java:377)
at org.testng.internal.Parameters.createParameters(Parameters.java:721)
at org.testng.internal.Parameters.handleParameters(Parameters.java:895)
at org.testng.internal.Parameters.handleParameters(Parameters.java:762)
at org.testng.internal.ParameterHandler.handleParameters(ParameterHandler.java:60)
at org.testng.internal.ParameterHandler.createParameters(ParameterHandler.java:39)
at org.testng.internal.TestInvoker$MethodInvocationAgent.invoke(TestInvoker.java:771)
at org.testng.internal.TestInvoker.invokeTestMethods(TestInvoker.java:145)
at org.testng.internal.TestMethodWorker.invokeTestMethods(TestMethodWorker.java:146)
at org.testng.internal.TestMethodWorker.run(TestMethodWorker.java:128)
at java.util.ArrayList.forEach(Unknown Source)
at org.testng.TestRunner.privateRun(TestRunner.java:770)
at org.testng.TestRunner.run(TestRunner.java:591)
at org.testng.SuiteRunner.runTest(SuiteRunner.java:402)
at org.testng.SuiteRunner.runSequentially(SuiteRunner.java:396)
at org.testng.SuiteRunner.privateRun(SuiteRunner.java:355)
at org.testng.SuiteRunner.run(SuiteRunner.java:304)
at org.testng.SuiteRunnerWorker.runSuite(SuiteRunnerWorker.java:53)
at org.testng.SuiteRunnerWorker.run(SuiteRunnerWorker.java:96)
at org.testng.TestNG.runSuitesSequentially(TestNG.java:1180)
at org.testng.TestNG.runSuitesLocally(TestNG.java:1102)
at org.testng.TestNG.runSuites(TestNG.java:1032)
at org.testng.TestNG.run(TestNG.java:1000)
at org.apache.maven.surefire.testng.TestNGExecutor.run(TestNGExecutor.java:77)
at org.apache.maven.surefire.testng.TestNGDirectoryTestSuite.executeMulti(TestNGDirectoryTestSuite.java:159)
at org.apache.maven.surefire.testng.TestNGDirectoryTestSuite.execute(TestNGDirectoryTestSuite.java:99)
at org.apache.maven.surefire.testng.TestNGProvider.invoke(TestNGProvider.java:106)
at sun.reflect.NativeMethodAccessorImpl.invoke0(Native Method)
at sun.reflect.NativeMethodAccessorImpl.invoke(Unknown Source)
at sun.reflect.DelegatingMethodAccessorImpl.invoke(Unknown Source)
at java.lang.reflect.Method.invoke(Unknown Source)
at org.apache.maven.surefire.util.ReflectionUtils.invokeMethodWithArray(ReflectionUtils.java:189)
at org.apache.maven.surefire.booter.ProviderFactory$ProviderProxy.invoke(ProviderFactory.java:165)
at org.apache.maven.surefire.booter.ProviderFactory.invokeProvider(ProviderFactory.java:85)
at org.apache.maven.surefire.booter.ForkedBooter.runSuitesInProcess(ForkedBooter.java:115)
at org.apache.maven.surefire.booter.ForkedBooter.main(ForkedBooter.java:75)
]]>
            </full-stacktrace>
          </exception> <!-- org.testng.TestNGException -->
          <reporter-output>
          </reporter-output>
        </test-method> <!-- udemyQuestion -->
      </class> <!-- qaclickacademy.BrowsingThroughUdemyTest -->
    </test> <!-- Command line test -->
  </suite> <!-- Command line suite -->
</testng-results>
